#
# There is insufficient memory for the Java Runtime Environment to continue.
# Native memory allocation (malloc) failed to allocate 1003936 bytes for Chunk::new
# Possible reasons:
#   The system is out of physical RAM or swap space
#   The process is running with CompressedOops enabled, and the Java Heap may be blocking the growth of the native heap
# Possible solutions:
#   Reduce memory load on the system
#   Increase physical memory or swap space
#   Check if swap backing store is full
#   Decrease Java heap size (-Xmx/-Xms)
#   Decrease number of Java threads
#   Decrease Java thread stack sizes (-Xss)
#   Set larger code cache with -XX:ReservedCodeCacheSize=
#   JVM is running with Unscaled Compressed Oops mode in which the Java heap is
#     placed in the first 4GB address space. The Java Heap base address is the
#     maximum limit for the native heap growth. Please use -XX:HeapBaseMinAddress
#     to set the Java Heap base and to place the Java Heap above 4GB virtual address.
# This output file may be truncated or incomplete.
#
#  Out of Memory Error (./open/src/hotspot/share/memory/arena.cpp:195), pid=24976, tid=24788
#
# JRE version: Java(TM) SE Runtime Environment (15.0.1+9) (build 15.0.1+9-18)
# Java VM: Java HotSpot(TM) 64-Bit Server VM (15.0.1+9-18, mixed mode, sharing, tiered, compressed oops, g1 gc, windows-amd64)
# No core dump will be written. Minidumps are not enabled by default on client versions of Windows
#

---------------  S U M M A R Y ------------

Command Line: --add-opens=java.base/java.util=ALL-UNNAMED --add-opens=java.base/java.lang=ALL-UNNAMED --add-opens=java.base/java.lang.invoke=ALL-UNNAMED --add-opens=java.base/java.util=ALL-UNNAMED --add-opens=java.prefs/java.util.prefs=ALL-UNNAMED --add-opens=java.prefs/java.util.prefs=ALL-UNNAMED --add-opens=java.base/java.nio.charset=ALL-UNNAMED --add-opens=java.base/java.net=ALL-UNNAMED --add-opens=java.base/java.util.concurrent.atomic=ALL-UNNAMED -XX:MaxMetaspaceSize=256m -XX:+HeapDumpOnOutOfMemoryError -Xms256m -Xmx512m -Dfile.encoding=windows-1251 -Duser.country=RU -Duser.language=ru -Duser.variant org.gradle.launcher.daemon.bootstrap.GradleDaemon 7.5

Host: Intel(R) Core(TM) i7-10750H CPU @ 2.60GHz, 12 cores, 15G,  Windows 10 , 64 bit Build 22000 (10.0.22000.708)
Time: Wed Sep  7 16:16:04 2022 Беларусь (зима) elapsed time: 1.892141 seconds (0d 0h 0m 1s)

---------------  T H R E A D  ---------------

Current thread (0x00000203ecbcc060):  JavaThread "C2 CompilerThread2" daemon [_thread_in_native, id=24788, stack(0x0000007ac3e00000,0x0000007ac3f00000)]


Current CompileTask:
C2:   1892 2074   !   4       java.net.URLClassLoader::findClass (47 bytes)

Stack: [0x0000007ac3e00000,0x0000007ac3f00000]
Native frames: (J=compiled Java code, j=interpreted, Vv=VM code, C=native code)
V  [jvm.dll+0x62ae9a]
V  [jvm.dll+0x781389]
V  [jvm.dll+0x782ae3]
V  [jvm.dll+0x783143]
V  [jvm.dll+0x216265]
V  [jvm.dll+0x97efa]
V  [jvm.dll+0x985dc]
V  [jvm.dll+0x27a1bf]
V  [jvm.dll+0x5408d4]
V  [jvm.dll+0x1f3064]
V  [jvm.dll+0x1eca31]
V  [jvm.dll+0x1e97a7]
V  [jvm.dll+0x1784c7]
V  [jvm.dll+0x1f9165]
V  [jvm.dll+0x1f720c]
V  [jvm.dll+0x74485d]
V  [jvm.dll+0x73d65a]
V  [jvm.dll+0x629c56]
C  [ucrtbase.dll+0x26c0c]
C  [KERNEL32.DLL+0x154e0]
C  [ntdll.dll+0x485b]


---------------  P R O C E S S  ---------------

Threads class SMR info:
_java_thread_list=0x00000203ef67ed70, length=26, elements={
0x00000203d09b7900, 0x00000203ec072600, 0x00000203ec073780, 0x00000203ec0937d0,
0x00000203ec094090, 0x00000203ec0950f0, 0x00000203ec0995d0, 0x00000203ec0a83f0,
0x00000203ec0abc80, 0x00000203ecaea070, 0x00000203ecb052e0, 0x00000203ecc2c1e0,
0x00000203ecbcc060, 0x00000203edd10820, 0x00000203ee37c7c0, 0x00000203ef7de0e0,
0x00000203ee7abb90, 0x00000203edd2fa10, 0x00000203ede73e50, 0x00000203ee893c70,
0x00000203ed196c00, 0x00000203ed194580, 0x00000203ed193be0, 0x00000203ed196730,
0x00000203ed1958c0, 0x00000203ed1940b0
}

Java Threads: ( => current thread )
  0x00000203d09b7900 JavaThread "main" [_thread_blocked, id=32664, stack(0x0000007ac2b00000,0x0000007ac2c00000)]
  0x00000203ec072600 JavaThread "Reference Handler" daemon [_thread_blocked, id=13368, stack(0x0000007ac3200000,0x0000007ac3300000)]
  0x00000203ec073780 JavaThread "Finalizer" daemon [_thread_blocked, id=27048, stack(0x0000007ac3300000,0x0000007ac3400000)]
  0x00000203ec0937d0 JavaThread "Signal Dispatcher" daemon [_thread_blocked, id=29980, stack(0x0000007ac3400000,0x0000007ac3500000)]
  0x00000203ec094090 JavaThread "Attach Listener" daemon [_thread_blocked, id=27576, stack(0x0000007ac3500000,0x0000007ac3600000)]
  0x00000203ec0950f0 JavaThread "Service Thread" daemon [_thread_blocked, id=29900, stack(0x0000007ac3600000,0x0000007ac3700000)]
  0x00000203ec0995d0 JavaThread "C2 CompilerThread0" daemon [_thread_in_native, id=31260, stack(0x0000007ac3700000,0x0000007ac3800000)]
  0x00000203ec0a83f0 JavaThread "C1 CompilerThread0" daemon [_thread_blocked, id=10440, stack(0x0000007ac3800000,0x0000007ac3900000)]
  0x00000203ec0abc80 JavaThread "Sweeper thread" daemon [_thread_blocked, id=26388, stack(0x0000007ac3900000,0x0000007ac3a00000)]
  0x00000203ecaea070 JavaThread "Common-Cleaner" daemon [_thread_blocked, id=17264, stack(0x0000007ac3a00000,0x0000007ac3b00000)]
  0x00000203ecb052e0 JavaThread "Notification Thread" daemon [_thread_blocked, id=21652, stack(0x0000007ac3b00000,0x0000007ac3c00000)]
  0x00000203ecc2c1e0 JavaThread "C2 CompilerThread1" daemon [_thread_in_native, id=23492, stack(0x0000007ac3d00000,0x0000007ac3e00000)]
=>0x00000203ecbcc060 JavaThread "C2 CompilerThread2" daemon [_thread_in_native, id=24788, stack(0x0000007ac3e00000,0x0000007ac3f00000)]
  0x00000203edd10820 JavaThread "Daemon health stats" [_thread_blocked, id=1604, stack(0x0000007ac4400000,0x0000007ac4500000)]
  0x00000203ee37c7c0 JavaThread "Incoming local TCP Connector on port 62551" [_thread_in_native, id=22344, stack(0x0000007ac4500000,0x0000007ac4600000)]
  0x00000203ef7de0e0 JavaThread "Daemon periodic checks" [_thread_blocked, id=31208, stack(0x0000007ac4600000,0x0000007ac4700000)]
  0x00000203ee7abb90 JavaThread "Daemon" [_thread_blocked, id=29168, stack(0x0000007ac4700000,0x0000007ac4800000)]
  0x00000203edd2fa10 JavaThread "Handler for socket connection from /127.0.0.1:62551 to /127.0.0.1:62552" [_thread_in_native, id=29488, stack(0x0000007ac4800000,0x0000007ac4900000)]
  0x00000203ede73e50 JavaThread "Cancel handler" [_thread_blocked, id=31912, stack(0x0000007ac4900000,0x0000007ac4a00000)]
  0x00000203ee893c70 JavaThread "Daemon worker" [_thread_in_Java, id=18512, stack(0x0000007ac4a00000,0x0000007ac4b00000)]
  0x00000203ed196c00 JavaThread "Asynchronous log dispatcher for DefaultDaemonConnection: socket connection from /127.0.0.1:62551 to /127.0.0.1:62552" [_thread_blocked, id=31304, stack(0x0000007ac4b00000,0x0000007ac4c00000)]
  0x00000203ed194580 JavaThread "Stdin handler" [_thread_blocked, id=19868, stack(0x0000007ac4c00000,0x0000007ac4d00000)]
  0x00000203ed193be0 JavaThread "Daemon client event forwarder" [_thread_blocked, id=656, stack(0x0000007ac4d00000,0x0000007ac4e00000)]
  0x00000203ed196730 JavaThread "Cache worker for journal cache (C:\Users\barga\.gradle\caches\journal-1)" [_thread_blocked, id=14728, stack(0x0000007ac4e00000,0x0000007ac4f00000)]
  0x00000203ed1958c0 JavaThread "File lock request listener" [_thread_in_native, id=16628, stack(0x0000007ac4f00000,0x0000007ac5000000)]
  0x00000203ed1940b0 JavaThread "Cache worker for file hash cache (C:\Users\barga\.gradle\caches\7.5\fileHashes)" [_thread_blocked, id=2952, stack(0x0000007ac5000000,0x0000007ac5100000)]

Other Threads:
  0x00000203ec0717e0 VMThread "VM Thread" [stack: 0x0000007ac3100000,0x0000007ac3200000] [id=25172]
  0x00000203ecb64030 WatcherThread [stack: 0x0000007ac3c00000,0x0000007ac3d00000] [id=19608]
  0x00000203d09de2d0 GCTaskThread "GC Thread#0" [stack: 0x0000007ac2c00000,0x0000007ac2d00000] [id=25104]
  0x00000203ed005480 GCTaskThread "GC Thread#1" [stack: 0x0000007ac3f00000,0x0000007ac4000000] [id=12812]
  0x00000203ed0057b0 GCTaskThread "GC Thread#2" [stack: 0x0000007ac4000000,0x0000007ac4100000] [id=12912]
  0x00000203ed005150 GCTaskThread "GC Thread#3" [stack: 0x0000007ac4100000,0x0000007ac4200000] [id=15276]
  0x00000203ed004160 GCTaskThread "GC Thread#4" [stack: 0x0000007ac4200000,0x0000007ac4300000] [id=26356]
  0x00000203ed005ae0 GCTaskThread "GC Thread#5" [stack: 0x0000007ac4300000,0x0000007ac4400000] [id=20384]
  0x00000203d09e43a0 ConcurrentGCThread "G1 Main Marker" [stack: 0x0000007ac2d00000,0x0000007ac2e00000] [id=24492]
  0x00000203d09e6290 ConcurrentGCThread "G1 Conc#0" [stack: 0x0000007ac2e00000,0x0000007ac2f00000] [id=9608]
  0x00000203d0a8dd20 ConcurrentGCThread "G1 Refine#0" [stack: 0x0000007ac2f00000,0x0000007ac3000000] [id=25296]
  0x00000203d0a8e470 ConcurrentGCThread "G1 Young RemSet Sampling" [stack: 0x0000007ac3000000,0x0000007ac3100000] [id=27816]

Threads with active compile tasks:
C2 CompilerThread0     1909 2075       4       java.net.URLClassLoader$1::run (5 bytes)
C2 CompilerThread1     1909 2026   !   4       java.lang.ClassLoader::loadClass (122 bytes)
C2 CompilerThread2     1909 2074   !   4       java.net.URLClassLoader::findClass (47 bytes)

VM state: not at safepoint (normal execution)

VM Mutex/Monitor currently owned by a thread: None

Heap address: 0x00000000e0000000, size: 512 MB, Compressed Oops mode: 32-bit
CDS archive(s) mapped at: [0x0000000800000000-0x0000000800b50000-0x0000000800b50000), size 11862016, SharedBaseAddress: 0x0000000800000000, ArchiveRelocationMode: 0.
Compressed class space mapped at: 0x0000000800b50000-0x0000000810350000, size: 260046848
Narrow klass base: 0x0000000800000000, Narrow klass shift: 3, Narrow klass range: 0x100000000

GC Precious Log:
 CPUs: 12 total, 12 available
 Memory: 16291M
 Large Page Support: Disabled
 NUMA Support: Disabled
 Compressed Oops: Enabled (32-bit)
 Heap Region Size: 1M
 Heap Min Capacity: 256M
 Heap Initial Capacity: 256M
 Heap Max Capacity: 512M
 Pre-touch: Disabled
 Parallel Workers: 10
 Concurrent Workers: 3
 Concurrent Refinement Workers: 10
 Periodic GC: Disabled

Heap:
 garbage-first heap   total 262144K, used 82768K [0x00000000e0000000, 0x0000000100000000)
  region size 1024K, 73 young (74752K), 1 survivors (1024K)
 Metaspace       used 15971K, capacity 16321K, committed 16512K, reserved 268288K
  class space    used 2262K, capacity 2376K, committed 2432K, reserved 253952K

Heap Regions: E=young(eden), S=young(survivor), O=old, HS=humongous(starts), HC=humongous(continues), CS=collection set, F=free, OA=open archive, CA=closed archive, TAMS=top-at-mark-start (previous, next)
|   0|0x00000000e0000000, 0x00000000e0100000, 0x00000000e0100000|100%| O|  |TAMS 0x00000000e0000000, 0x00000000e0000000| Untracked 
|   1|0x00000000e0100000, 0x00000000e0200000, 0x00000000e0200000|100%| O|  |TAMS 0x00000000e0100000, 0x00000000e0100000| Untracked 
|   2|0x00000000e0200000, 0x00000000e0230c00, 0x00000000e0300000| 19%| O|  |TAMS 0x00000000e0200000, 0x00000000e0200000| Untracked 
|   3|0x00000000e0300000, 0x00000000e0400000, 0x00000000e0400000|100%|HS|  |TAMS 0x00000000e0300000, 0x00000000e0300000| Complete 
|   4|0x00000000e0400000, 0x00000000e0500000, 0x00000000e0500000|100%|HC|  |TAMS 0x00000000e0400000, 0x00000000e0400000| Complete 
|   5|0x00000000e0500000, 0x00000000e0600000, 0x00000000e0600000|100%|HC|  |TAMS 0x00000000e0500000, 0x00000000e0500000| Complete 
|   6|0x00000000e0600000, 0x00000000e0700000, 0x00000000e0700000|100%| O|  |TAMS 0x00000000e0600000, 0x00000000e0600000| Untracked 
|   7|0x00000000e0700000, 0x00000000e0800000, 0x00000000e0800000|100%| O|  |TAMS 0x00000000e0700000, 0x00000000e0700000| Untracked 
|   8|0x00000000e0800000, 0x00000000e0900000, 0x00000000e0900000|100%| O|  |TAMS 0x00000000e0800000, 0x00000000e0800000| Untracked 
|   9|0x00000000e0900000, 0x00000000e0a00000, 0x00000000e0a00000|100%| O|  |TAMS 0x00000000e0900000, 0x00000000e0900000| Untracked 
|  10|0x00000000e0a00000, 0x00000000e0b00000, 0x00000000e0b00000|100%|HS|  |TAMS 0x00000000e0a00000, 0x00000000e0a00000| Complete 
|  11|0x00000000e0b00000, 0x00000000e0b00000, 0x00000000e0c00000|  0%| F|  |TAMS 0x00000000e0b00000, 0x00000000e0b00000| Untracked 
|  12|0x00000000e0c00000, 0x00000000e0c00000, 0x00000000e0d00000|  0%| F|  |TAMS 0x00000000e0c00000, 0x00000000e0c00000| Untracked 
|  13|0x00000000e0d00000, 0x00000000e0d00000, 0x00000000e0e00000|  0%| F|  |TAMS 0x00000000e0d00000, 0x00000000e0d00000| Untracked 
|  14|0x00000000e0e00000, 0x00000000e0e00000, 0x00000000e0f00000|  0%| F|  |TAMS 0x00000000e0e00000, 0x00000000e0e00000| Untracked 
|  15|0x00000000e0f00000, 0x00000000e0f00000, 0x00000000e1000000|  0%| F|  |TAMS 0x00000000e0f00000, 0x00000000e0f00000| Untracked 
|  16|0x00000000e1000000, 0x00000000e1000000, 0x00000000e1100000|  0%| F|  |TAMS 0x00000000e1000000, 0x00000000e1000000| Untracked 
|  17|0x00000000e1100000, 0x00000000e1100000, 0x00000000e1200000|  0%| F|  |TAMS 0x00000000e1100000, 0x00000000e1100000| Untracked 
|  18|0x00000000e1200000, 0x00000000e1200000, 0x00000000e1300000|  0%| F|  |TAMS 0x00000000e1200000, 0x00000000e1200000| Untracked 
|  19|0x00000000e1300000, 0x00000000e1300000, 0x00000000e1400000|  0%| F|  |TAMS 0x00000000e1300000, 0x00000000e1300000| Untracked 
|  20|0x00000000e1400000, 0x00000000e1400000, 0x00000000e1500000|  0%| F|  |TAMS 0x00000000e1400000, 0x00000000e1400000| Untracked 
|  21|0x00000000e1500000, 0x00000000e1500000, 0x00000000e1600000|  0%| F|  |TAMS 0x00000000e1500000, 0x00000000e1500000| Untracked 
|  22|0x00000000e1600000, 0x00000000e1600000, 0x00000000e1700000|  0%| F|  |TAMS 0x00000000e1600000, 0x00000000e1600000| Untracked 
|  23|0x00000000e1700000, 0x00000000e1700000, 0x00000000e1800000|  0%| F|  |TAMS 0x00000000e1700000, 0x00000000e1700000| Untracked 
|  24|0x00000000e1800000, 0x00000000e1800000, 0x00000000e1900000|  0%| F|  |TAMS 0x00000000e1800000, 0x00000000e1800000| Untracked 
|  25|0x00000000e1900000, 0x00000000e1900000, 0x00000000e1a00000|  0%| F|  |TAMS 0x00000000e1900000, 0x00000000e1900000| Untracked 
|  26|0x00000000e1a00000, 0x00000000e1a00000, 0x00000000e1b00000|  0%| F|  |TAMS 0x00000000e1a00000, 0x00000000e1a00000| Untracked 
|  27|0x00000000e1b00000, 0x00000000e1b00000, 0x00000000e1c00000|  0%| F|  |TAMS 0x00000000e1b00000, 0x00000000e1b00000| Untracked 
|  28|0x00000000e1c00000, 0x00000000e1c00000, 0x00000000e1d00000|  0%| F|  |TAMS 0x00000000e1c00000, 0x00000000e1c00000| Untracked 
|  29|0x00000000e1d00000, 0x00000000e1d00000, 0x00000000e1e00000|  0%| F|  |TAMS 0x00000000e1d00000, 0x00000000e1d00000| Untracked 
|  30|0x00000000e1e00000, 0x00000000e1e00000, 0x00000000e1f00000|  0%| F|  |TAMS 0x00000000e1e00000, 0x00000000e1e00000| Untracked 
|  31|0x00000000e1f00000, 0x00000000e1f00000, 0x00000000e2000000|  0%| F|  |TAMS 0x00000000e1f00000, 0x00000000e1f00000| Untracked 
|  32|0x00000000e2000000, 0x00000000e2000000, 0x00000000e2100000|  0%| F|  |TAMS 0x00000000e2000000, 0x00000000e2000000| Untracked 
|  33|0x00000000e2100000, 0x00000000e2100000, 0x00000000e2200000|  0%| F|  |TAMS 0x00000000e2100000, 0x00000000e2100000| Untracked 
|  34|0x00000000e2200000, 0x00000000e2200000, 0x00000000e2300000|  0%| F|  |TAMS 0x00000000e2200000, 0x00000000e2200000| Untracked 
|  35|0x00000000e2300000, 0x00000000e2300000, 0x00000000e2400000|  0%| F|  |TAMS 0x00000000e2300000, 0x00000000e2300000| Untracked 
|  36|0x00000000e2400000, 0x00000000e2400000, 0x00000000e2500000|  0%| F|  |TAMS 0x00000000e2400000, 0x00000000e2400000| Untracked 
|  37|0x00000000e2500000, 0x00000000e2500000, 0x00000000e2600000|  0%| F|  |TAMS 0x00000000e2500000, 0x00000000e2500000| Untracked 
|  38|0x00000000e2600000, 0x00000000e2600000, 0x00000000e2700000|  0%| F|  |TAMS 0x00000000e2600000, 0x00000000e2600000| Untracked 
|  39|0x00000000e2700000, 0x00000000e2700000, 0x00000000e2800000|  0%| F|  |TAMS 0x00000000e2700000, 0x00000000e2700000| Untracked 
|  40|0x00000000e2800000, 0x00000000e2800000, 0x00000000e2900000|  0%| F|  |TAMS 0x00000000e2800000, 0x00000000e2800000| Untracked 
|  41|0x00000000e2900000, 0x00000000e2900000, 0x00000000e2a00000|  0%| F|  |TAMS 0x00000000e2900000, 0x00000000e2900000| Untracked 
|  42|0x00000000e2a00000, 0x00000000e2a00000, 0x00000000e2b00000|  0%| F|  |TAMS 0x00000000e2a00000, 0x00000000e2a00000| Untracked 
|  43|0x00000000e2b00000, 0x00000000e2b00000, 0x00000000e2c00000|  0%| F|  |TAMS 0x00000000e2b00000, 0x00000000e2b00000| Untracked 
|  44|0x00000000e2c00000, 0x00000000e2c00000, 0x00000000e2d00000|  0%| F|  |TAMS 0x00000000e2c00000, 0x00000000e2c00000| Untracked 
|  45|0x00000000e2d00000, 0x00000000e2d00000, 0x00000000e2e00000|  0%| F|  |TAMS 0x00000000e2d00000, 0x00000000e2d00000| Untracked 
|  46|0x00000000e2e00000, 0x00000000e2e00000, 0x00000000e2f00000|  0%| F|  |TAMS 0x00000000e2e00000, 0x00000000e2e00000| Untracked 
|  47|0x00000000e2f00000, 0x00000000e2f00000, 0x00000000e3000000|  0%| F|  |TAMS 0x00000000e2f00000, 0x00000000e2f00000| Untracked 
|  48|0x00000000e3000000, 0x00000000e3000000, 0x00000000e3100000|  0%| F|  |TAMS 0x00000000e3000000, 0x00000000e3000000| Untracked 
|  49|0x00000000e3100000, 0x00000000e3100000, 0x00000000e3200000|  0%| F|  |TAMS 0x00000000e3100000, 0x00000000e3100000| Untracked 
|  50|0x00000000e3200000, 0x00000000e3200000, 0x00000000e3300000|  0%| F|  |TAMS 0x00000000e3200000, 0x00000000e3200000| Untracked 
|  51|0x00000000e3300000, 0x00000000e3300000, 0x00000000e3400000|  0%| F|  |TAMS 0x00000000e3300000, 0x00000000e3300000| Untracked 
|  52|0x00000000e3400000, 0x00000000e3400000, 0x00000000e3500000|  0%| F|  |TAMS 0x00000000e3400000, 0x00000000e3400000| Untracked 
|  53|0x00000000e3500000, 0x00000000e3500000, 0x00000000e3600000|  0%| F|  |TAMS 0x00000000e3500000, 0x00000000e3500000| Untracked 
|  54|0x00000000e3600000, 0x00000000e3600000, 0x00000000e3700000|  0%| F|  |TAMS 0x00000000e3600000, 0x00000000e3600000| Untracked 
|  55|0x00000000e3700000, 0x00000000e3700000, 0x00000000e3800000|  0%| F|  |TAMS 0x00000000e3700000, 0x00000000e3700000| Untracked 
|  56|0x00000000e3800000, 0x00000000e3800000, 0x00000000e3900000|  0%| F|  |TAMS 0x00000000e3800000, 0x00000000e3800000| Untracked 
|  57|0x00000000e3900000, 0x00000000e3900000, 0x00000000e3a00000|  0%| F|  |TAMS 0x00000000e3900000, 0x00000000e3900000| Untracked 
|  58|0x00000000e3a00000, 0x00000000e3a00000, 0x00000000e3b00000|  0%| F|  |TAMS 0x00000000e3a00000, 0x00000000e3a00000| Untracked 
|  59|0x00000000e3b00000, 0x00000000e3b00000, 0x00000000e3c00000|  0%| F|  |TAMS 0x00000000e3b00000, 0x00000000e3b00000| Untracked 
|  60|0x00000000e3c00000, 0x00000000e3c00000, 0x00000000e3d00000|  0%| F|  |TAMS 0x00000000e3c00000, 0x00000000e3c00000| Untracked 
|  61|0x00000000e3d00000, 0x00000000e3d00000, 0x00000000e3e00000|  0%| F|  |TAMS 0x00000000e3d00000, 0x00000000e3d00000| Untracked 
|  62|0x00000000e3e00000, 0x00000000e3e00000, 0x00000000e3f00000|  0%| F|  |TAMS 0x00000000e3e00000, 0x00000000e3e00000| Untracked 
|  63|0x00000000e3f00000, 0x00000000e3f00000, 0x00000000e4000000|  0%| F|  |TAMS 0x00000000e3f00000, 0x00000000e3f00000| Untracked 
|  64|0x00000000e4000000, 0x00000000e4000000, 0x00000000e4100000|  0%| F|  |TAMS 0x00000000e4000000, 0x00000000e4000000| Untracked 
|  65|0x00000000e4100000, 0x00000000e4100000, 0x00000000e4200000|  0%| F|  |TAMS 0x00000000e4100000, 0x00000000e4100000| Untracked 
|  66|0x00000000e4200000, 0x00000000e4200000, 0x00000000e4300000|  0%| F|  |TAMS 0x00000000e4200000, 0x00000000e4200000| Untracked 
|  67|0x00000000e4300000, 0x00000000e4300000, 0x00000000e4400000|  0%| F|  |TAMS 0x00000000e4300000, 0x00000000e4300000| Untracked 
|  68|0x00000000e4400000, 0x00000000e4400000, 0x00000000e4500000|  0%| F|  |TAMS 0x00000000e4400000, 0x00000000e4400000| Untracked 
|  69|0x00000000e4500000, 0x00000000e4500000, 0x00000000e4600000|  0%| F|  |TAMS 0x00000000e4500000, 0x00000000e4500000| Untracked 
|  70|0x00000000e4600000, 0x00000000e4600000, 0x00000000e4700000|  0%| F|  |TAMS 0x00000000e4600000, 0x00000000e4600000| Untracked 
|  71|0x00000000e4700000, 0x00000000e4700000, 0x00000000e4800000|  0%| F|  |TAMS 0x00000000e4700000, 0x00000000e4700000| Untracked 
|  72|0x00000000e4800000, 0x00000000e4800000, 0x00000000e4900000|  0%| F|  |TAMS 0x00000000e4800000, 0x00000000e4800000| Untracked 
|  73|0x00000000e4900000, 0x00000000e4900000, 0x00000000e4a00000|  0%| F|  |TAMS 0x00000000e4900000, 0x00000000e4900000| Untracked 
|  74|0x00000000e4a00000, 0x00000000e4a00000, 0x00000000e4b00000|  0%| F|  |TAMS 0x00000000e4a00000, 0x00000000e4a00000| Untracked 
|  75|0x00000000e4b00000, 0x00000000e4b00000, 0x00000000e4c00000|  0%| F|  |TAMS 0x00000000e4b00000, 0x00000000e4b00000| Untracked 
|  76|0x00000000e4c00000, 0x00000000e4c00000, 0x00000000e4d00000|  0%| F|  |TAMS 0x00000000e4c00000, 0x00000000e4c00000| Untracked 
|  77|0x00000000e4d00000, 0x00000000e4d00000, 0x00000000e4e00000|  0%| F|  |TAMS 0x00000000e4d00000, 0x00000000e4d00000| Untracked 
|  78|0x00000000e4e00000, 0x00000000e4e00000, 0x00000000e4f00000|  0%| F|  |TAMS 0x00000000e4e00000, 0x00000000e4e00000| Untracked 
|  79|0x00000000e4f00000, 0x00000000e4f00000, 0x00000000e5000000|  0%| F|  |TAMS 0x00000000e4f00000, 0x00000000e4f00000| Untracked 
|  80|0x00000000e5000000, 0x00000000e5000000, 0x00000000e5100000|  0%| F|  |TAMS 0x00000000e5000000, 0x00000000e5000000| Untracked 
|  81|0x00000000e5100000, 0x00000000e5100000, 0x00000000e5200000|  0%| F|  |TAMS 0x00000000e5100000, 0x00000000e5100000| Untracked 
|  82|0x00000000e5200000, 0x00000000e5200000, 0x00000000e5300000|  0%| F|  |TAMS 0x00000000e5200000, 0x00000000e5200000| Untracked 
|  83|0x00000000e5300000, 0x00000000e5300000, 0x00000000e5400000|  0%| F|  |TAMS 0x00000000e5300000, 0x00000000e5300000| Untracked 
|  84|0x00000000e5400000, 0x00000000e5400000, 0x00000000e5500000|  0%| F|  |TAMS 0x00000000e5400000, 0x00000000e5400000| Untracked 
|  85|0x00000000e5500000, 0x00000000e5500000, 0x00000000e5600000|  0%| F|  |TAMS 0x00000000e5500000, 0x00000000e5500000| Untracked 
|  86|0x00000000e5600000, 0x00000000e5600000, 0x00000000e5700000|  0%| F|  |TAMS 0x00000000e5600000, 0x00000000e5600000| Untracked 
|  87|0x00000000e5700000, 0x00000000e5700000, 0x00000000e5800000|  0%| F|  |TAMS 0x00000000e5700000, 0x00000000e5700000| Untracked 
|  88|0x00000000e5800000, 0x00000000e5800000, 0x00000000e5900000|  0%| F|  |TAMS 0x00000000e5800000, 0x00000000e5800000| Untracked 
|  89|0x00000000e5900000, 0x00000000e5900000, 0x00000000e5a00000|  0%| F|  |TAMS 0x00000000e5900000, 0x00000000e5900000| Untracked 
|  90|0x00000000e5a00000, 0x00000000e5a00000, 0x00000000e5b00000|  0%| F|  |TAMS 0x00000000e5a00000, 0x00000000e5a00000| Untracked 
|  91|0x00000000e5b00000, 0x00000000e5b00000, 0x00000000e5c00000|  0%| F|  |TAMS 0x00000000e5b00000, 0x00000000e5b00000| Untracked 
|  92|0x00000000e5c00000, 0x00000000e5c00000, 0x00000000e5d00000|  0%| F|  |TAMS 0x00000000e5c00000, 0x00000000e5c00000| Untracked 
|  93|0x00000000e5d00000, 0x00000000e5d00000, 0x00000000e5e00000|  0%| F|  |TAMS 0x00000000e5d00000, 0x00000000e5d00000| Untracked 
|  94|0x00000000e5e00000, 0x00000000e5e00000, 0x00000000e5f00000|  0%| F|  |TAMS 0x00000000e5e00000, 0x00000000e5e00000| Untracked 
|  95|0x00000000e5f00000, 0x00000000e5f00000, 0x00000000e6000000|  0%| F|  |TAMS 0x00000000e5f00000, 0x00000000e5f00000| Untracked 
|  96|0x00000000e6000000, 0x00000000e6000000, 0x00000000e6100000|  0%| F|  |TAMS 0x00000000e6000000, 0x00000000e6000000| Untracked 
|  97|0x00000000e6100000, 0x00000000e6100000, 0x00000000e6200000|  0%| F|  |TAMS 0x00000000e6100000, 0x00000000e6100000| Untracked 
|  98|0x00000000e6200000, 0x00000000e6200000, 0x00000000e6300000|  0%| F|  |TAMS 0x00000000e6200000, 0x00000000e6200000| Untracked 
|  99|0x00000000e6300000, 0x00000000e6300000, 0x00000000e6400000|  0%| F|  |TAMS 0x00000000e6300000, 0x00000000e6300000| Untracked 
| 100|0x00000000e6400000, 0x00000000e6400000, 0x00000000e6500000|  0%| F|  |TAMS 0x00000000e6400000, 0x00000000e6400000| Untracked 
| 101|0x00000000e6500000, 0x00000000e6500000, 0x00000000e6600000|  0%| F|  |TAMS 0x00000000e6500000, 0x00000000e6500000| Untracked 
| 102|0x00000000e6600000, 0x00000000e6600000, 0x00000000e6700000|  0%| F|  |TAMS 0x00000000e6600000, 0x00000000e6600000| Untracked 
| 103|0x00000000e6700000, 0x00000000e6700000, 0x00000000e6800000|  0%| F|  |TAMS 0x00000000e6700000, 0x00000000e6700000| Untracked 
| 104|0x00000000e6800000, 0x00000000e6800000, 0x00000000e6900000|  0%| F|  |TAMS 0x00000000e6800000, 0x00000000e6800000| Untracked 
| 105|0x00000000e6900000, 0x00000000e6900000, 0x00000000e6a00000|  0%| F|  |TAMS 0x00000000e6900000, 0x00000000e6900000| Untracked 
| 106|0x00000000e6a00000, 0x00000000e6a00000, 0x00000000e6b00000|  0%| F|  |TAMS 0x00000000e6a00000, 0x00000000e6a00000| Untracked 
| 107|0x00000000e6b00000, 0x00000000e6b00000, 0x00000000e6c00000|  0%| F|  |TAMS 0x00000000e6b00000, 0x00000000e6b00000| Untracked 
| 108|0x00000000e6c00000, 0x00000000e6c00000, 0x00000000e6d00000|  0%| F|  |TAMS 0x00000000e6c00000, 0x00000000e6c00000| Untracked 
| 109|0x00000000e6d00000, 0x00000000e6d00000, 0x00000000e6e00000|  0%| F|  |TAMS 0x00000000e6d00000, 0x00000000e6d00000| Untracked 
| 110|0x00000000e6e00000, 0x00000000e6e00000, 0x00000000e6f00000|  0%| F|  |TAMS 0x00000000e6e00000, 0x00000000e6e00000| Untracked 
| 111|0x00000000e6f00000, 0x00000000e6f00000, 0x00000000e7000000|  0%| F|  |TAMS 0x00000000e6f00000, 0x00000000e6f00000| Untracked 
| 112|0x00000000e7000000, 0x00000000e7000000, 0x00000000e7100000|  0%| F|  |TAMS 0x00000000e7000000, 0x00000000e7000000| Untracked 
| 113|0x00000000e7100000, 0x00000000e7100000, 0x00000000e7200000|  0%| F|  |TAMS 0x00000000e7100000, 0x00000000e7100000| Untracked 
| 114|0x00000000e7200000, 0x00000000e7200000, 0x00000000e7300000|  0%| F|  |TAMS 0x00000000e7200000, 0x00000000e7200000| Untracked 
| 115|0x00000000e7300000, 0x00000000e7300000, 0x00000000e7400000|  0%| F|  |TAMS 0x00000000e7300000, 0x00000000e7300000| Untracked 
| 116|0x00000000e7400000, 0x00000000e7400000, 0x00000000e7500000|  0%| F|  |TAMS 0x00000000e7400000, 0x00000000e7400000| Untracked 
| 117|0x00000000e7500000, 0x00000000e7500000, 0x00000000e7600000|  0%| F|  |TAMS 0x00000000e7500000, 0x00000000e7500000| Untracked 
| 118|0x00000000e7600000, 0x00000000e7600000, 0x00000000e7700000|  0%| F|  |TAMS 0x00000000e7600000, 0x00000000e7600000| Untracked 
| 119|0x00000000e7700000, 0x00000000e7700000, 0x00000000e7800000|  0%| F|  |TAMS 0x00000000e7700000, 0x00000000e7700000| Untracked 
| 120|0x00000000e7800000, 0x00000000e7800000, 0x00000000e7900000|  0%| F|  |TAMS 0x00000000e7800000, 0x00000000e7800000| Untracked 
| 121|0x00000000e7900000, 0x00000000e7900000, 0x00000000e7a00000|  0%| F|  |TAMS 0x00000000e7900000, 0x00000000e7900000| Untracked 
| 122|0x00000000e7a00000, 0x00000000e7a00000, 0x00000000e7b00000|  0%| F|  |TAMS 0x00000000e7a00000, 0x00000000e7a00000| Untracked 
| 123|0x00000000e7b00000, 0x00000000e7b00000, 0x00000000e7c00000|  0%| F|  |TAMS 0x00000000e7b00000, 0x00000000e7b00000| Untracked 
| 124|0x00000000e7c00000, 0x00000000e7c00000, 0x00000000e7d00000|  0%| F|  |TAMS 0x00000000e7c00000, 0x00000000e7c00000| Untracked 
| 125|0x00000000e7d00000, 0x00000000e7d00000, 0x00000000e7e00000|  0%| F|  |TAMS 0x00000000e7d00000, 0x00000000e7d00000| Untracked 
| 126|0x00000000e7e00000, 0x00000000e7e00000, 0x00000000e7f00000|  0%| F|  |TAMS 0x00000000e7e00000, 0x00000000e7e00000| Untracked 
| 127|0x00000000e7f00000, 0x00000000e7f00000, 0x00000000e8000000|  0%| F|  |TAMS 0x00000000e7f00000, 0x00000000e7f00000| Untracked 
| 128|0x00000000e8000000, 0x00000000e8000000, 0x00000000e8100000|  0%| F|  |TAMS 0x00000000e8000000, 0x00000000e8000000| Untracked 
| 129|0x00000000e8100000, 0x00000000e8100000, 0x00000000e8200000|  0%| F|  |TAMS 0x00000000e8100000, 0x00000000e8100000| Untracked 
| 130|0x00000000e8200000, 0x00000000e8200000, 0x00000000e8300000|  0%| F|  |TAMS 0x00000000e8200000, 0x00000000e8200000| Untracked 
| 131|0x00000000e8300000, 0x00000000e8300000, 0x00000000e8400000|  0%| F|  |TAMS 0x00000000e8300000, 0x00000000e8300000| Untracked 
| 132|0x00000000e8400000, 0x00000000e8400000, 0x00000000e8500000|  0%| F|  |TAMS 0x00000000e8400000, 0x00000000e8400000| Untracked 
| 133|0x00000000e8500000, 0x00000000e8500000, 0x00000000e8600000|  0%| F|  |TAMS 0x00000000e8500000, 0x00000000e8500000| Untracked 
| 134|0x00000000e8600000, 0x00000000e8600000, 0x00000000e8700000|  0%| F|  |TAMS 0x00000000e8600000, 0x00000000e8600000| Untracked 
| 135|0x00000000e8700000, 0x00000000e8700000, 0x00000000e8800000|  0%| F|  |TAMS 0x00000000e8700000, 0x00000000e8700000| Untracked 
| 136|0x00000000e8800000, 0x00000000e8800000, 0x00000000e8900000|  0%| F|  |TAMS 0x00000000e8800000, 0x00000000e8800000| Untracked 
| 137|0x00000000e8900000, 0x00000000e8900000, 0x00000000e8a00000|  0%| F|  |TAMS 0x00000000e8900000, 0x00000000e8900000| Untracked 
| 138|0x00000000e8a00000, 0x00000000e8a00000, 0x00000000e8b00000|  0%| F|  |TAMS 0x00000000e8a00000, 0x00000000e8a00000| Untracked 
| 139|0x00000000e8b00000, 0x00000000e8b00000, 0x00000000e8c00000|  0%| F|  |TAMS 0x00000000e8b00000, 0x00000000e8b00000| Untracked 
| 140|0x00000000e8c00000, 0x00000000e8c00000, 0x00000000e8d00000|  0%| F|  |TAMS 0x00000000e8c00000, 0x00000000e8c00000| Untracked 
| 141|0x00000000e8d00000, 0x00000000e8d00000, 0x00000000e8e00000|  0%| F|  |TAMS 0x00000000e8d00000, 0x00000000e8d00000| Untracked 
| 142|0x00000000e8e00000, 0x00000000e8e00000, 0x00000000e8f00000|  0%| F|  |TAMS 0x00000000e8e00000, 0x00000000e8e00000| Untracked 
| 143|0x00000000e8f00000, 0x00000000e8f00000, 0x00000000e9000000|  0%| F|  |TAMS 0x00000000e8f00000, 0x00000000e8f00000| Untracked 
| 144|0x00000000e9000000, 0x00000000e9000000, 0x00000000e9100000|  0%| F|  |TAMS 0x00000000e9000000, 0x00000000e9000000| Untracked 
| 145|0x00000000e9100000, 0x00000000e9100000, 0x00000000e9200000|  0%| F|  |TAMS 0x00000000e9100000, 0x00000000e9100000| Untracked 
| 146|0x00000000e9200000, 0x00000000e9200000, 0x00000000e9300000|  0%| F|  |TAMS 0x00000000e9200000, 0x00000000e9200000| Untracked 
| 147|0x00000000e9300000, 0x00000000e9300000, 0x00000000e9400000|  0%| F|  |TAMS 0x00000000e9300000, 0x00000000e9300000| Untracked 
| 148|0x00000000e9400000, 0x00000000e9400000, 0x00000000e9500000|  0%| F|  |TAMS 0x00000000e9400000, 0x00000000e9400000| Untracked 
| 149|0x00000000e9500000, 0x00000000e9500000, 0x00000000e9600000|  0%| F|  |TAMS 0x00000000e9500000, 0x00000000e9500000| Untracked 
| 150|0x00000000e9600000, 0x00000000e9600000, 0x00000000e9700000|  0%| F|  |TAMS 0x00000000e9600000, 0x00000000e9600000| Untracked 
| 151|0x00000000e9700000, 0x00000000e9700000, 0x00000000e9800000|  0%| F|  |TAMS 0x00000000e9700000, 0x00000000e9700000| Untracked 
| 152|0x00000000e9800000, 0x00000000e9800000, 0x00000000e9900000|  0%| F|  |TAMS 0x00000000e9800000, 0x00000000e9800000| Untracked 
| 153|0x00000000e9900000, 0x00000000e9900000, 0x00000000e9a00000|  0%| F|  |TAMS 0x00000000e9900000, 0x00000000e9900000| Untracked 
| 154|0x00000000e9a00000, 0x00000000e9a00000, 0x00000000e9b00000|  0%| F|  |TAMS 0x00000000e9a00000, 0x00000000e9a00000| Untracked 
| 155|0x00000000e9b00000, 0x00000000e9b00000, 0x00000000e9c00000|  0%| F|  |TAMS 0x00000000e9b00000, 0x00000000e9b00000| Untracked 
| 156|0x00000000e9c00000, 0x00000000e9c00000, 0x00000000e9d00000|  0%| F|  |TAMS 0x00000000e9c00000, 0x00000000e9c00000| Untracked 
| 157|0x00000000e9d00000, 0x00000000e9d00000, 0x00000000e9e00000|  0%| F|  |TAMS 0x00000000e9d00000, 0x00000000e9d00000| Untracked 
| 158|0x00000000e9e00000, 0x00000000e9e00000, 0x00000000e9f00000|  0%| F|  |TAMS 0x00000000e9e00000, 0x00000000e9e00000| Untracked 
| 159|0x00000000e9f00000, 0x00000000e9f00000, 0x00000000ea000000|  0%| F|  |TAMS 0x00000000e9f00000, 0x00000000e9f00000| Untracked 
| 160|0x00000000ea000000, 0x00000000ea000000, 0x00000000ea100000|  0%| F|  |TAMS 0x00000000ea000000, 0x00000000ea000000| Untracked 
| 161|0x00000000ea100000, 0x00000000ea100000, 0x00000000ea200000|  0%| F|  |TAMS 0x00000000ea100000, 0x00000000ea100000| Untracked 
| 162|0x00000000ea200000, 0x00000000ea200000, 0x00000000ea300000|  0%| F|  |TAMS 0x00000000ea200000, 0x00000000ea200000| Untracked 
| 163|0x00000000ea300000, 0x00000000ea300000, 0x00000000ea400000|  0%| F|  |TAMS 0x00000000ea300000, 0x00000000ea300000| Untracked 
| 164|0x00000000ea400000, 0x00000000ea400000, 0x00000000ea500000|  0%| F|  |TAMS 0x00000000ea400000, 0x00000000ea400000| Untracked 
| 165|0x00000000ea500000, 0x00000000ea500000, 0x00000000ea600000|  0%| F|  |TAMS 0x00000000ea500000, 0x00000000ea500000| Untracked 
| 166|0x00000000ea600000, 0x00000000ea600000, 0x00000000ea700000|  0%| F|  |TAMS 0x00000000ea600000, 0x00000000ea600000| Untracked 
| 167|0x00000000ea700000, 0x00000000ea700000, 0x00000000ea800000|  0%| F|  |TAMS 0x00000000ea700000, 0x00000000ea700000| Untracked 
| 168|0x00000000ea800000, 0x00000000ea800000, 0x00000000ea900000|  0%| F|  |TAMS 0x00000000ea800000, 0x00000000ea800000| Untracked 
| 169|0x00000000ea900000, 0x00000000ea900000, 0x00000000eaa00000|  0%| F|  |TAMS 0x00000000ea900000, 0x00000000ea900000| Untracked 
| 170|0x00000000eaa00000, 0x00000000eaa00000, 0x00000000eab00000|  0%| F|  |TAMS 0x00000000eaa00000, 0x00000000eaa00000| Untracked 
| 171|0x00000000eab00000, 0x00000000eab00000, 0x00000000eac00000|  0%| F|  |TAMS 0x00000000eab00000, 0x00000000eab00000| Untracked 
| 172|0x00000000eac00000, 0x00000000eac00000, 0x00000000ead00000|  0%| F|  |TAMS 0x00000000eac00000, 0x00000000eac00000| Untracked 
| 173|0x00000000ead00000, 0x00000000ead00000, 0x00000000eae00000|  0%| F|  |TAMS 0x00000000ead00000, 0x00000000ead00000| Untracked 
| 174|0x00000000eae00000, 0x00000000eae00000, 0x00000000eaf00000|  0%| F|  |TAMS 0x00000000eae00000, 0x00000000eae00000| Untracked 
| 175|0x00000000eaf00000, 0x00000000eaf00000, 0x00000000eb000000|  0%| F|  |TAMS 0x00000000eaf00000, 0x00000000eaf00000| Untracked 
| 176|0x00000000eb000000, 0x00000000eb000000, 0x00000000eb100000|  0%| F|  |TAMS 0x00000000eb000000, 0x00000000eb000000| Untracked 
| 177|0x00000000eb100000, 0x00000000eb100000, 0x00000000eb200000|  0%| F|  |TAMS 0x00000000eb100000, 0x00000000eb100000| Untracked 
| 178|0x00000000eb200000, 0x00000000eb200000, 0x00000000eb300000|  0%| F|  |TAMS 0x00000000eb200000, 0x00000000eb200000| Untracked 
| 179|0x00000000eb300000, 0x00000000eb300000, 0x00000000eb400000|  0%| F|  |TAMS 0x00000000eb300000, 0x00000000eb300000| Untracked 
| 180|0x00000000eb400000, 0x00000000eb400000, 0x00000000eb500000|  0%| F|  |TAMS 0x00000000eb400000, 0x00000000eb400000| Untracked 
| 181|0x00000000eb500000, 0x00000000eb500000, 0x00000000eb600000|  0%| F|  |TAMS 0x00000000eb500000, 0x00000000eb500000| Untracked 
| 182|0x00000000eb600000, 0x00000000eb6816f8, 0x00000000eb700000| 50%| E|  |TAMS 0x00000000eb600000, 0x00000000eb600000| Complete 
| 183|0x00000000eb700000, 0x00000000eb800000, 0x00000000eb800000|100%| E|CS|TAMS 0x00000000eb700000, 0x00000000eb700000| Complete 
| 184|0x00000000eb800000, 0x00000000eb900000, 0x00000000eb900000|100%| E|CS|TAMS 0x00000000eb800000, 0x00000000eb800000| Complete 
| 185|0x00000000eb900000, 0x00000000eba00000, 0x00000000eba00000|100%| E|CS|TAMS 0x00000000eb900000, 0x00000000eb900000| Complete 
| 186|0x00000000eba00000, 0x00000000ebb00000, 0x00000000ebb00000|100%| E|CS|TAMS 0x00000000eba00000, 0x00000000eba00000| Complete 
| 187|0x00000000ebb00000, 0x00000000ebc00000, 0x00000000ebc00000|100%| E|CS|TAMS 0x00000000ebb00000, 0x00000000ebb00000| Complete 
| 188|0x00000000ebc00000, 0x00000000ebd00000, 0x00000000ebd00000|100%| E|CS|TAMS 0x00000000ebc00000, 0x00000000ebc00000| Complete 
| 189|0x00000000ebd00000, 0x00000000ebe00000, 0x00000000ebe00000|100%| E|CS|TAMS 0x00000000ebd00000, 0x00000000ebd00000| Complete 
| 190|0x00000000ebe00000, 0x00000000ebf00000, 0x00000000ebf00000|100%| E|CS|TAMS 0x00000000ebe00000, 0x00000000ebe00000| Complete 
| 191|0x00000000ebf00000, 0x00000000ec000000, 0x00000000ec000000|100%| E|CS|TAMS 0x00000000ebf00000, 0x00000000ebf00000| Complete 
| 192|0x00000000ec000000, 0x00000000ec100000, 0x00000000ec100000|100%| E|CS|TAMS 0x00000000ec000000, 0x00000000ec000000| Complete 
| 193|0x00000000ec100000, 0x00000000ec200000, 0x00000000ec200000|100%| E|CS|TAMS 0x00000000ec100000, 0x00000000ec100000| Complete 
| 194|0x00000000ec200000, 0x00000000ec300000, 0x00000000ec300000|100%| E|CS|TAMS 0x00000000ec200000, 0x00000000ec200000| Complete 
| 195|0x00000000ec300000, 0x00000000ec400000, 0x00000000ec400000|100%| E|CS|TAMS 0x00000000ec300000, 0x00000000ec300000| Complete 
| 196|0x00000000ec400000, 0x00000000ec500000, 0x00000000ec500000|100%| E|CS|TAMS 0x00000000ec400000, 0x00000000ec400000| Complete 
| 197|0x00000000ec500000, 0x00000000ec600000, 0x00000000ec600000|100%| E|CS|TAMS 0x00000000ec500000, 0x00000000ec500000| Complete 
| 198|0x00000000ec600000, 0x00000000ec700000, 0x00000000ec700000|100%| E|CS|TAMS 0x00000000ec600000, 0x00000000ec600000| Complete 
| 199|0x00000000ec700000, 0x00000000ec800000, 0x00000000ec800000|100%| E|CS|TAMS 0x00000000ec700000, 0x00000000ec700000| Complete 
| 200|0x00000000ec800000, 0x00000000ec900000, 0x00000000ec900000|100%| E|CS|TAMS 0x00000000ec800000, 0x00000000ec800000| Complete 
| 201|0x00000000ec900000, 0x00000000eca00000, 0x00000000eca00000|100%| E|CS|TAMS 0x00000000ec900000, 0x00000000ec900000| Complete 
| 202|0x00000000eca00000, 0x00000000ecb00000, 0x00000000ecb00000|100%| E|CS|TAMS 0x00000000eca00000, 0x00000000eca00000| Complete 
| 203|0x00000000ecb00000, 0x00000000ecc00000, 0x00000000ecc00000|100%| E|CS|TAMS 0x00000000ecb00000, 0x00000000ecb00000| Complete 
| 204|0x00000000ecc00000, 0x00000000ecd00000, 0x00000000ecd00000|100%| E|CS|TAMS 0x00000000ecc00000, 0x00000000ecc00000| Complete 
| 205|0x00000000ecd00000, 0x00000000ece00000, 0x00000000ece00000|100%| E|CS|TAMS 0x00000000ecd00000, 0x00000000ecd00000| Complete 
| 206|0x00000000ece00000, 0x00000000ecf00000, 0x00000000ecf00000|100%| E|CS|TAMS 0x00000000ece00000, 0x00000000ece00000| Complete 
| 207|0x00000000ecf00000, 0x00000000ed000000, 0x00000000ed000000|100%| E|CS|TAMS 0x00000000ecf00000, 0x00000000ecf00000| Complete 
| 208|0x00000000ed000000, 0x00000000ed100000, 0x00000000ed100000|100%| E|CS|TAMS 0x00000000ed000000, 0x00000000ed000000| Complete 
| 209|0x00000000ed100000, 0x00000000ed200000, 0x00000000ed200000|100%| E|CS|TAMS 0x00000000ed100000, 0x00000000ed100000| Complete 
| 210|0x00000000ed200000, 0x00000000ed300000, 0x00000000ed300000|100%| E|CS|TAMS 0x00000000ed200000, 0x00000000ed200000| Complete 
| 211|0x00000000ed300000, 0x00000000ed400000, 0x00000000ed400000|100%| E|CS|TAMS 0x00000000ed300000, 0x00000000ed300000| Complete 
| 212|0x00000000ed400000, 0x00000000ed500000, 0x00000000ed500000|100%| E|CS|TAMS 0x00000000ed400000, 0x00000000ed400000| Complete 
| 213|0x00000000ed500000, 0x00000000ed600000, 0x00000000ed600000|100%| E|CS|TAMS 0x00000000ed500000, 0x00000000ed500000| Complete 
| 214|0x00000000ed600000, 0x00000000ed700000, 0x00000000ed700000|100%| E|CS|TAMS 0x00000000ed600000, 0x00000000ed600000| Complete 
| 215|0x00000000ed700000, 0x00000000ed800000, 0x00000000ed800000|100%| E|CS|TAMS 0x00000000ed700000, 0x00000000ed700000| Complete 
| 216|0x00000000ed800000, 0x00000000ed900000, 0x00000000ed900000|100%| E|CS|TAMS 0x00000000ed800000, 0x00000000ed800000| Complete 
| 217|0x00000000ed900000, 0x00000000eda00000, 0x00000000eda00000|100%| E|CS|TAMS 0x00000000ed900000, 0x00000000ed900000| Complete 
| 218|0x00000000eda00000, 0x00000000edb00000, 0x00000000edb00000|100%| E|CS|TAMS 0x00000000eda00000, 0x00000000eda00000| Complete 
| 219|0x00000000edb00000, 0x00000000edc00000, 0x00000000edc00000|100%| E|CS|TAMS 0x00000000edb00000, 0x00000000edb00000| Complete 
| 220|0x00000000edc00000, 0x00000000edd00000, 0x00000000edd00000|100%| E|CS|TAMS 0x00000000edc00000, 0x00000000edc00000| Complete 
| 221|0x00000000edd00000, 0x00000000ede00000, 0x00000000ede00000|100%| E|CS|TAMS 0x00000000edd00000, 0x00000000edd00000| Complete 
| 222|0x00000000ede00000, 0x00000000edf00000, 0x00000000edf00000|100%| E|CS|TAMS 0x00000000ede00000, 0x00000000ede00000| Complete 
| 223|0x00000000edf00000, 0x00000000ee000000, 0x00000000ee000000|100%| E|CS|TAMS 0x00000000edf00000, 0x00000000edf00000| Complete 
| 224|0x00000000ee000000, 0x00000000ee100000, 0x00000000ee100000|100%| E|CS|TAMS 0x00000000ee000000, 0x00000000ee000000| Complete 
| 225|0x00000000ee100000, 0x00000000ee200000, 0x00000000ee200000|100%| E|CS|TAMS 0x00000000ee100000, 0x00000000ee100000| Complete 
| 226|0x00000000ee200000, 0x00000000ee300000, 0x00000000ee300000|100%| E|CS|TAMS 0x00000000ee200000, 0x00000000ee200000| Complete 
| 227|0x00000000ee300000, 0x00000000ee3a3680, 0x00000000ee400000| 63%| S|CS|TAMS 0x00000000ee300000, 0x00000000ee300000| Complete 
| 228|0x00000000ee400000, 0x00000000ee500000, 0x00000000ee500000|100%| E|CS|TAMS 0x00000000ee400000, 0x00000000ee400000| Complete 
| 229|0x00000000ee500000, 0x00000000ee600000, 0x00000000ee600000|100%| E|CS|TAMS 0x00000000ee500000, 0x00000000ee500000| Complete 
| 230|0x00000000ee600000, 0x00000000ee700000, 0x00000000ee700000|100%| E|CS|TAMS 0x00000000ee600000, 0x00000000ee600000| Complete 
| 231|0x00000000ee700000, 0x00000000ee800000, 0x00000000ee800000|100%| E|CS|TAMS 0x00000000ee700000, 0x00000000ee700000| Complete 
| 232|0x00000000ee800000, 0x00000000ee900000, 0x00000000ee900000|100%| E|CS|TAMS 0x00000000ee800000, 0x00000000ee800000| Complete 
| 233|0x00000000ee900000, 0x00000000eea00000, 0x00000000eea00000|100%| E|CS|TAMS 0x00000000ee900000, 0x00000000ee900000| Complete 
| 234|0x00000000eea00000, 0x00000000eeb00000, 0x00000000eeb00000|100%| E|CS|TAMS 0x00000000eea00000, 0x00000000eea00000| Complete 
| 235|0x00000000eeb00000, 0x00000000eec00000, 0x00000000eec00000|100%| E|CS|TAMS 0x00000000eeb00000, 0x00000000eeb00000| Complete 
| 236|0x00000000eec00000, 0x00000000eed00000, 0x00000000eed00000|100%| E|CS|TAMS 0x00000000eec00000, 0x00000000eec00000| Complete 
| 237|0x00000000eed00000, 0x00000000eee00000, 0x00000000eee00000|100%| E|CS|TAMS 0x00000000eed00000, 0x00000000eed00000| Complete 
| 238|0x00000000eee00000, 0x00000000eef00000, 0x00000000eef00000|100%| E|CS|TAMS 0x00000000eee00000, 0x00000000eee00000| Complete 
| 239|0x00000000eef00000, 0x00000000ef000000, 0x00000000ef000000|100%| E|CS|TAMS 0x00000000eef00000, 0x00000000eef00000| Complete 
| 240|0x00000000ef000000, 0x00000000ef100000, 0x00000000ef100000|100%| E|CS|TAMS 0x00000000ef000000, 0x00000000ef000000| Complete 
| 241|0x00000000ef100000, 0x00000000ef200000, 0x00000000ef200000|100%| E|CS|TAMS 0x00000000ef100000, 0x00000000ef100000| Complete 
| 242|0x00000000ef200000, 0x00000000ef300000, 0x00000000ef300000|100%| E|CS|TAMS 0x00000000ef200000, 0x00000000ef200000| Complete 
| 243|0x00000000ef300000, 0x00000000ef400000, 0x00000000ef400000|100%| E|CS|TAMS 0x00000000ef300000, 0x00000000ef300000| Complete 
| 244|0x00000000ef400000, 0x00000000ef500000, 0x00000000ef500000|100%| E|CS|TAMS 0x00000000ef400000, 0x00000000ef400000| Complete 
| 245|0x00000000ef500000, 0x00000000ef600000, 0x00000000ef600000|100%| E|CS|TAMS 0x00000000ef500000, 0x00000000ef500000| Complete 
| 246|0x00000000ef600000, 0x00000000ef700000, 0x00000000ef700000|100%| E|CS|TAMS 0x00000000ef600000, 0x00000000ef600000| Complete 
| 247|0x00000000ef700000, 0x00000000ef800000, 0x00000000ef800000|100%| E|CS|TAMS 0x00000000ef700000, 0x00000000ef700000| Complete 
| 248|0x00000000ef800000, 0x00000000ef900000, 0x00000000ef900000|100%| E|CS|TAMS 0x00000000ef800000, 0x00000000ef800000| Complete 
| 249|0x00000000ef900000, 0x00000000efa00000, 0x00000000efa00000|100%| E|CS|TAMS 0x00000000ef900000, 0x00000000ef900000| Complete 
| 250|0x00000000efa00000, 0x00000000efb00000, 0x00000000efb00000|100%| E|  |TAMS 0x00000000efa00000, 0x00000000efa00000| Complete 
| 251|0x00000000efb00000, 0x00000000efc00000, 0x00000000efc00000|100%| E|CS|TAMS 0x00000000efb00000, 0x00000000efb00000| Complete 
| 252|0x00000000efc00000, 0x00000000efd00000, 0x00000000efd00000|100%| E|CS|TAMS 0x00000000efc00000, 0x00000000efc00000| Complete 
| 253|0x00000000efd00000, 0x00000000efe00000, 0x00000000efe00000|100%| E|CS|TAMS 0x00000000efd00000, 0x00000000efd00000| Complete 
| 254|0x00000000efe00000, 0x00000000eff00000, 0x00000000eff00000|100%| E|CS|TAMS 0x00000000efe00000, 0x00000000efe00000| Complete 
| 255|0x00000000eff00000, 0x00000000f0000000, 0x00000000f0000000|100%| E|CS|TAMS 0x00000000eff00000, 0x00000000eff00000| Complete 

Card table byte_map: [0x00000203e8240000,0x00000203e8340000] _byte_map_base: 0x00000203e7b40000

Marking Bits (Prev, Next): (CMBitMap*) 0x00000203d09df8e0, (CMBitMap*) 0x00000203d09df920
 Prev Bits: [0x00000203e8440000, 0x00000203e8c40000)
 Next Bits: [0x00000203e8c40000, 0x00000203e9440000)

Polling page: 0x00000203d0190000

Metaspace:

Usage:
  Non-class:     13.74 MB capacity,    13.46 MB ( 98%) used,   269.80 KB (  2%) free+waste,    22.50 KB ( <1%) overhead. 
      Class:      2.35 MB capacity,     2.22 MB ( 94%) used,   122.84 KB (  5%) free+waste,    10.88 KB ( <1%) overhead. 
       Both:     16.09 MB capacity,    15.68 MB ( 97%) used,   392.64 KB (  2%) free+waste,    33.38 KB ( <1%) overhead. 

Virtual space:
  Non-class space:       14.00 MB reserved,      13.75 MB ( 98%) committed 
      Class space:      248.00 MB reserved,       2.38 MB ( <1%) committed 
             Both:      262.00 MB reserved,      16.12 MB (  6%) committed 

Chunk freelists:
   Non-Class:  7.00 KB
       Class:  24.00 KB
        Both:  31.00 KB

MaxMetaspaceSize: 256.00 MB
CompressedClassSpaceSize: 248.00 MB

CodeHeap 'non-profiled nmethods': size=120000Kb used=1106Kb max_used=1106Kb free=118893Kb
 bounds [0x00000203e06c0000, 0x00000203e0930000, 0x00000203e7bf0000]
CodeHeap 'profiled nmethods': size=120000Kb used=4236Kb max_used=4236Kb free=115763Kb
 bounds [0x00000203d9190000, 0x00000203d95c0000, 0x00000203e06c0000]
CodeHeap 'non-nmethods': size=5760Kb used=1231Kb max_used=1256Kb free=4528Kb
 bounds [0x00000203d8bf0000, 0x00000203d8e60000, 0x00000203d9190000]
 total_blobs=2642 nmethods=2142 adapters=412
 compilation: enabled
              stopped_count=0, restarted_count=0
 full_count=0

Compilation events (20 events):
Event: 1.873 Thread 0x00000203ec0a83f0 2099       3       java.util.LinkedHashMap$LinkedHashIterator::<init> (31 bytes)
Event: 1.873 Thread 0x00000203ec0a83f0 nmethod 2099 0x00000203d958e110 code [0x00000203d958e2c0, 0x00000203d958e518]
Event: 1.873 Thread 0x00000203ec0a83f0 2097       3       sun.reflect.generics.factory.CoreReflectionFactory::getDeclsLoader (85 bytes)
Event: 1.874 Thread 0x00000203ec0a83f0 nmethod 2097 0x00000203d958e610 code [0x00000203d958e9e0, 0x00000203d9590b78]
Event: 1.874 Thread 0x00000203ec0a83f0 2100       3       sun.reflect.generics.parser.SignatureParser::make (8 bytes)
Event: 1.874 Thread 0x00000203ec0a83f0 nmethod 2100 0x00000203d9591310 code [0x00000203d95914c0, 0x00000203d95916b8]
Event: 1.874 Thread 0x00000203ec0a83f0 2101       3       sun.reflect.generics.parser.SignatureParser::<init> (5 bytes)
Event: 1.874 Thread 0x00000203ec0a83f0 nmethod 2101 0x00000203d9591790 code [0x00000203d9591920, 0x00000203d9591a78]
Event: 1.874 Thread 0x00000203ec0a83f0 2102       3       sun.reflect.generics.parser.SignatureParser::init (16 bytes)
Event: 1.874 Thread 0x00000203ec0a83f0 nmethod 2102 0x00000203d9591b10 code [0x00000203d9591ca0, 0x00000203d9591df8]
Event: 1.874 Thread 0x00000203ec0a83f0 2103       3       java.lang.System$2::getAnnotationType (5 bytes)
Event: 1.874 Thread 0x00000203ec0a83f0 nmethod 2103 0x00000203d9591e90 code [0x00000203d9592020, 0x00000203d9592138]
Event: 1.874 Thread 0x00000203ec0a83f0 2104       3       sun.reflect.annotation.AnnotationType::getInstance (65 bytes)
Event: 1.875 Thread 0x00000203ec0a83f0 nmethod 2104 0x00000203d9592210 code [0x00000203d9592400, 0x00000203d9592978]
Event: 1.875 Thread 0x00000203ec0a83f0 2098       3       jdk.internal.misc.Unsafe::toUnsignedInt (6 bytes)
Event: 1.875 Thread 0x00000203ec0a83f0 nmethod 2098 0x00000203d9592c10 code [0x00000203d9592da0, 0x00000203d9592e78]
Event: 1.875 Thread 0x00000203ec0a83f0 2105       3       org.gradle.internal.service.DefaultServiceRegistry::assertValidServiceType (51 bytes)
Event: 1.876 Thread 0x00000203ec0a83f0 nmethod 2105 0x00000203d9592f10 code [0x00000203d9593120, 0x00000203d95936a8]
Event: 1.879 Thread 0x00000203ec0a83f0 2106       3       java.util.LinkedHashMap::<init> (10 bytes)
Event: 1.879 Thread 0x00000203ec0a83f0 nmethod 2106 0x00000203d9593890 code [0x00000203d9593a40, 0x00000203d9593c58]

GC Heap History (4 events):
Event: 0.586 GC heap before
{Heap before GC invocations=0 (full 0):
 garbage-first heap   total 262144K, used 28672K [0x00000000e0000000, 0x0000000100000000)
  region size 1024K, 23 young (23552K), 0 survivors (0K)
 Metaspace       used 3390K, capacity 6224K, committed 6400K, reserved 262144K
  class space    used 427K, capacity 708K, committed 768K, reserved 253952K
}
Event: 0.593 GC heap after
{Heap after GC invocations=1 (full 0):
 garbage-first heap   total 262144K, used 9589K [0x00000000e0000000, 0x0000000100000000)
  region size 1024K, 3 young (3072K), 3 survivors (3072K)
 Metaspace       used 3390K, capacity 6224K, committed 6400K, reserved 262144K
  class space    used 427K, capacity 708K, committed 768K, reserved 253952K
}
Event: 0.861 GC heap before
{Heap before GC invocations=1 (full 0):
 garbage-first heap   total 262144K, used 35189K [0x00000000e0000000, 0x0000000100000000)
  region size 1024K, 28 young (28672K), 3 survivors (3072K)
 Metaspace       used 4328K, capacity 6803K, committed 7040K, reserved 262144K
  class space    used 522K, capacity 773K, committed 896K, reserved 253952K
}
Event: 0.863 GC heap after
{Heap after GC invocations=2 (full 0):
 garbage-first heap   total 262144K, used 10064K [0x00000000e0000000, 0x0000000100000000)
  region size 1024K, 1 young (1024K), 1 survivors (1024K)
 Metaspace       used 4328K, capacity 6803K, committed 7040K, reserved 262144K
  class space    used 522K, capacity 773K, committed 896K, reserved 253952K
}

Deoptimization events (20 events):
Event: 1.890 Thread 0x00000203ee893c70 Uncommon trap: trap_request=0xffffffc6 fr.pc=0x00000203e07c6664 relative=0x0000000000000784
Event: 1.890 Thread 0x00000203ee893c70 Uncommon trap: reason=bimorphic_or_optimized_type_check action=maybe_recompile pc=0x00000203e07c6664 method=java.util.HashMap.getNode(Ljava/lang/Object;)Ljava/util/HashMap$Node; @ 63 c2
Event: 1.890 Thread 0x00000203ee893c70 DEOPT PACKING pc=0x00000203e07c6664 sp=0x0000007ac4afa8e0
Event: 1.890 Thread 0x00000203ee893c70 DEOPT UNPACKING pc=0x00000203d8c3e42f sp=0x0000007ac4afa818 mode 2
Event: 1.890 Thread 0x00000203ee893c70 Uncommon trap: trap_request=0xffffffc6 fr.pc=0x00000203e07b4f3c relative=0x000000000000127c
Event: 1.890 Thread 0x00000203ee893c70 Uncommon trap: reason=bimorphic_or_optimized_type_check action=maybe_recompile pc=0x00000203e07b4f3c method=java.util.HashMap.putVal(ILjava/lang/Object;Ljava/lang/Object;ZZ)Ljava/lang/Object; @ 91 c2
Event: 1.890 Thread 0x00000203ee893c70 DEOPT PACKING pc=0x00000203e07b4f3c sp=0x0000007ac4afa870
Event: 1.890 Thread 0x00000203ee893c70 DEOPT UNPACKING pc=0x00000203d8c3e42f sp=0x0000007ac4afa810 mode 2
Event: 1.890 Thread 0x00000203ee893c70 Uncommon trap: trap_request=0xffffffc6 fr.pc=0x00000203e07c6664 relative=0x0000000000000784
Event: 1.890 Thread 0x00000203ee893c70 Uncommon trap: reason=bimorphic_or_optimized_type_check action=maybe_recompile pc=0x00000203e07c6664 method=java.util.HashMap.getNode(Ljava/lang/Object;)Ljava/util/HashMap$Node; @ 63 c2
Event: 1.890 Thread 0x00000203ee893c70 DEOPT PACKING pc=0x00000203e07c6664 sp=0x0000007ac4afa8e0
Event: 1.890 Thread 0x00000203ee893c70 DEOPT UNPACKING pc=0x00000203d8c3e42f sp=0x0000007ac4afa818 mode 2
Event: 1.890 Thread 0x00000203ee893c70 Uncommon trap: trap_request=0xffffffc6 fr.pc=0x00000203e07c6664 relative=0x0000000000000784
Event: 1.890 Thread 0x00000203ee893c70 Uncommon trap: reason=bimorphic_or_optimized_type_check action=maybe_recompile pc=0x00000203e07c6664 method=java.util.HashMap.getNode(Ljava/lang/Object;)Ljava/util/HashMap$Node; @ 63 c2
Event: 1.890 Thread 0x00000203ee893c70 DEOPT PACKING pc=0x00000203e07c6664 sp=0x0000007ac4afa8e0
Event: 1.890 Thread 0x00000203ee893c70 DEOPT UNPACKING pc=0x00000203d8c3e42f sp=0x0000007ac4afa818 mode 2
Event: 1.890 Thread 0x00000203ee893c70 Uncommon trap: trap_request=0xffffff45 fr.pc=0x00000203e06fb7a8 relative=0x0000000000000468
Event: 1.890 Thread 0x00000203ee893c70 Uncommon trap: reason=unstable_if action=reinterpret pc=0x00000203e06fb7a8 method=java.util.HashMap.getNode(Ljava/lang/Object;)Ljava/util/HashMap$Node; @ 131 c2
Event: 1.890 Thread 0x00000203ee893c70 DEOPT PACKING pc=0x00000203e06fb7a8 sp=0x0000007ac4afa890
Event: 1.890 Thread 0x00000203ee893c70 DEOPT UNPACKING pc=0x00000203d8c3e42f sp=0x0000007ac4afa820 mode 2

Classes unloaded (0 events):
No events

Classes redefined (0 events):
No events

Internal exceptions (20 events):
Event: 1.430 Thread 0x00000203d09b7900 Exception <a 'java/io/IOException'{0x00000000ee0c4ac8}> (0x00000000ee0c4ac8) 
thrown [./open/src/hotspot/share/prims/jni.cpp, line 578]
Event: 1.472 Thread 0x00000203edd2fa10 Exception <a 'java/lang/NoSuchMethodError'{0x00000000edd5b678}: static Lorg/gradle/tooling/internal/provider/serialization/ClassLoaderDetails;.<clinit>()V> (0x00000000edd5b678) 
thrown [./open/src/hotspot/share/prims/jni.cpp, line 1204]
Event: 1.474 Thread 0x00000203edd2fa10 Exception <a 'java/lang/NoSuchMethodError'{0x00000000edd72368}: static Lorg/gradle/internal/classloader/ClassLoaderSpec;.<clinit>()V> (0x00000000edd72368) 
thrown [./open/src/hotspot/share/prims/jni.cpp, line 1204]
Event: 1.474 Thread 0x00000203edd2fa10 Exception <a 'java/lang/NoSuchMethodError'{0x00000000edd7b4b0}: static Lorg/gradle/tooling/internal/provider/serialization/WellKnownClassLoaderRegistry$KnownClassLoaderSpec;.<clinit>()V> (0x00000000edd7b4b0) 
thrown [./open/src/hotspot/share/prims/jni.cpp, line 1204]
Event: 1.475 Thread 0x00000203edd2fa10 Exception <a 'java/lang/NoSuchMethodError'{0x00000000edd90128}: static Lorg/gradle/tooling/internal/provider/serialization/ClientOwnedClassLoaderSpec;.<clinit>()V> (0x00000000edd90128) 
thrown [./open/src/hotspot/share/prims/jni.cpp, line 1204]
Event: 1.517 Thread 0x00000203ee893c70 Exception <a 'java/lang/NoSuchMethodError'{0x00000000edab6bd8}: 'long java.lang.invoke.DirectMethodHandle$Holder.invokeInterface(java.lang.Object, java.lang.Object)'> (0x00000000edab6bd8) 
thrown [./open/src/hotspot/share/interpreter/linkResolver.cpp, line 782]
Event: 1.518 Thread 0x00000203ee893c70 Exception <a 'java/lang/NoSuchMethodError'{0x00000000edac54f8}: 'void java.lang.invoke.DelegatingMethodHandle$Holder.reinvoke_L(java.lang.Object, java.lang.Object, java.lang.Object, java.lang.Object, java.lang.Object, java.lang.Object, java.lang.Object)'> (0x00000000edac54f8) 
thrown [./open/src/hotspot/share/interpreter/linkResolver.cpp, line 782]
Event: 1.577 Thread 0x00000203ee893c70 Exception <a 'java/lang/NoSuchMethodError'{0x00000000ed5245b0}: 'void java.lang.invoke.DirectMethodHandle$Holder.invokeStaticInit(java.lang.Object)'> (0x00000000ed5245b0) 
thrown [./open/src/hotspot/share/interpreter/linkResolver.cpp, line 782]
Event: 1.587 Thread 0x00000203ee893c70 Exception <a 'java/lang/NoSuchMethodError'{0x00000000ed5d4100}: 'java.lang.Object java.lang.invoke.DirectMethodHandle$Holder.newInvokeSpecial(java.lang.Object, java.lang.Object, java.lang.Object, int)'> (0x00000000ed5d4100) 
thrown [./open/src/hotspot/share/interpreter/linkResolver.cpp, line 782]
Event: 1.587 Thread 0x00000203ee893c70 Exception <a 'java/lang/NoSuchMethodError'{0x00000000ed5d8b38}: 'java.lang.Object java.lang.invoke.DirectMethodHandle$Holder.invokeSpecial(java.lang.Object, java.lang.Object, java.lang.Object, java.lang.Object, int)'> (0x00000000ed5d8b38) 
thrown [./open/src/hotspot/share/interpreter/linkResolver.cpp, line 782]
Event: 1.587 Thread 0x00000203ee893c70 Exception <a 'java/lang/NoSuchMethodError'{0x00000000ed5dce48}: 'java.lang.Object java.lang.invoke.Invokers$Holder.linkToTargetMethod(java.lang.Object, java.lang.Object, int, java.lang.Object)'> (0x00000000ed5dce48) 
thrown [./open/src/hotspot/share/interpreter/linkResolver.cpp, line 782]
Event: 1.667 Thread 0x00000203ee893c70 Exception <a 'java/lang/NoSuchMethodError'{0x00000000ecd0d1b0}: 'java.lang.Object java.lang.invoke.DirectMethodHandle$Holder.newInvokeSpecial(java.lang.Object, java.lang.Object, java.lang.Object, java.lang.Object, java.lang.Object, java.lang.Object)'> (0x00000000ecd0d1b0) 
thrown [./open/src/hotspot/share/interpreter/linkResolver.cpp, line 782]
Event: 1.748 Thread 0x00000203ee893c70 Exception <a 'java/lang/NoSuchMethodError'{0x00000000ec588218}: 'int java.lang.invoke.DirectMethodHandle$Holder.invokeSpecialIFC(java.lang.Object, java.lang.Object, java.lang.Object, java.lang.Object)'> (0x00000000ec588218) 
thrown [./open/src/hotspot/share/interpreter/linkResolver.cpp, line 782]
Event: 1.749 Thread 0x00000203ee893c70 Exception <a 'java/lang/NoSuchMethodError'{0x00000000ec597c08}: 'java.lang.Object java.lang.invoke.DirectMethodHandle$Holder.invokeInterface(java.lang.Object, java.lang.Object, java.lang.Object)'> (0x00000000ec597c08) 
thrown [./open/src/hotspot/share/interpreter/linkResolver.cpp, line 782]
Event: 1.749 Thread 0x00000203ee893c70 Exception <a 'java/lang/IncompatibleClassChangeError'{0x00000000ec59b9f0}: Found class java.lang.Object, but interface was expected> (0x00000000ec59b9f0) 
thrown [./open/src/hotspot/share/interpreter/linkResolver.cpp, line 848]
Event: 1.777 Thread 0x00000203ee893c70 Exception <a 'java/lang/NoSuchMethodError'{0x00000000ec2502d0}: 'int java.lang.invoke.DirectMethodHandle$Holder.invokeStatic(java.lang.Object, java.lang.Object, java.lang.Object, java.lang.Object)'> (0x00000000ec2502d0) 
thrown [./open/src/hotspot/share/interpreter/linkResolver.cpp, line 782]
Event: 1.777 Thread 0x00000203ee893c70 Exception <a 'java/lang/NoSuchMethodError'{0x00000000ec254378}: 'java.lang.Object java.lang.invoke.Invokers$Holder.invokeExact_MT(java.lang.Object, java.lang.Object, java.lang.Object, java.lang.Object, java.lang.Object, java.lang.Object)'> (0x00000000ec254378) 
thrown [./open/src/hotspot/share/interpreter/linkResolver.cpp, line 782]
Event: 1.802 Thread 0x00000203ee893c70 Exception <a 'java/lang/NoSuchMethodError'{0x00000000ec0bcc50}: 'void java.lang.invoke.DirectMethodHandle$Holder.invokeSpecial(java.lang.Object, java.lang.Object, java.lang.Object, java.lang.Object, java.lang.Object)'> (0x00000000ec0bcc50) 
thrown [./open/src/hotspot/share/interpreter/linkResolver.cpp, line 782]
Event: 1.815 Thread 0x00000203ee893c70 Exception <a 'java/lang/NoSuchMethodError'{0x00000000ebe0da10}: 'java.lang.Object java.lang.invoke.DirectMethodHandle$Holder.invokeSpecial(java.lang.Object, java.lang.Object, java.lang.Object, java.lang.Object, java.lang.Object, java.lang.Object, java.lang.Object, java.lang.Object, java.lang.Object)'> (0x00000000ebe0da10) 
thrown [./open/src/hotspot/share/interpreter/linkResolver.cpp, line 782]
Event: 1.864 Thread 0x00000203ee893c70 Exception <a 'java/lang/NoSuchMethodError'{0x00000000ebab0e28}: 'java.lang.Object java.lang.invoke.DirectMethodHandle$Holder.invokeVirtual(java.lang.Object, java.lang.Object, java.lang.Object, java.lang.Object)'> (0x00000000ebab0e28) 
thrown [./open/src/hotspot/share/interpreter/linkResolver.cpp, line 782]

Events (20 events):
Event: 1.749 loading class java/util/stream/ReduceOps$1ReducingSink
Event: 1.750 loading class java/util/stream/ReduceOps$1ReducingSink done
Event: 1.855 loading class javax/xml/parsers/ParserConfigurationException
Event: 1.855 loading class javax/xml/parsers/ParserConfigurationException done
Event: 1.855 loading class org/xml/sax/SAXException
Event: 1.855 loading class org/xml/sax/SAXException done
Event: 1.855 loading class javax/xml/xpath/XPathExpressionException
Event: 1.855 loading class javax/xml/xpath/XPathException
Event: 1.856 loading class javax/xml/xpath/XPathException done
Event: 1.856 loading class javax/xml/xpath/XPathExpressionException done
Event: 1.888 loading class java/beans/Introspector
Event: 1.889 loading class java/beans/Introspector done
Event: 1.889 loading class java/beans/EventSetDescriptor
Event: 1.889 loading class java/beans/FeatureDescriptor
Event: 1.889 loading class java/beans/FeatureDescriptor done
Event: 1.889 loading class java/beans/EventSetDescriptor done
Event: 1.889 loading class java/beans/Introspector$1
Event: 1.890 loading class jdk/internal/access/JavaBeansAccess
Event: 1.890 loading class jdk/internal/access/JavaBeansAccess done
Event: 1.890 loading class java/beans/Introspector$1 done


Dynamic libraries:
0x00007ff693390000 - 0x00007ff69339f000 	C:\Program Files\Java\jdk-15.0.1\bin\java.exe
0x00007ffceec60000 - 0x00007ffceee69000 	C:\WINDOWS\SYSTEM32\ntdll.dll
0x00007ffced310000 - 0x00007ffced3cd000 	C:\WINDOWS\System32\KERNEL32.DLL
0x00007ffcec590000 - 0x00007ffcec90d000 	C:\WINDOWS\System32\KERNELBASE.dll
0x00007ffcec440000 - 0x00007ffcec551000 	C:\WINDOWS\System32\ucrtbase.dll
0x00007ffcd2b60000 - 0x00007ffcd2b78000 	C:\Program Files\Java\jdk-15.0.1\bin\jli.dll
0x00007ffcd0f80000 - 0x00007ffcd0f99000 	C:\Program Files\Java\jdk-15.0.1\bin\VCRUNTIME140.dll
0x00007ffceda20000 - 0x00007ffcedace000 	C:\WINDOWS\System32\ADVAPI32.dll
0x00007ffcecc10000 - 0x00007ffceccb3000 	C:\WINDOWS\System32\msvcrt.dll
0x00007ffced3d0000 - 0x00007ffced46e000 	C:\WINDOWS\System32\sechost.dll
0x00007ffcecaf0000 - 0x00007ffcecc10000 	C:\WINDOWS\System32\RPCRT4.dll
0x00007ffced0a0000 - 0x00007ffced24d000 	C:\WINDOWS\System32\USER32.dll
0x00007ffcd1d50000 - 0x00007ffcd1ff5000 	C:\WINDOWS\WinSxS\amd64_microsoft.windows.common-controls_6595b64144ccf1df_6.0.22000.120_none_9d947278b86cc467\COMCTL32.dll
0x00007ffcec560000 - 0x00007ffcec586000 	C:\WINDOWS\System32\win32u.dll
0x00007ffced8e0000 - 0x00007ffced909000 	C:\WINDOWS\System32\GDI32.dll
0x00007ffcec2a0000 - 0x00007ffcec3b8000 	C:\WINDOWS\System32\gdi32full.dll
0x00007ffcec140000 - 0x00007ffcec1dd000 	C:\WINDOWS\System32\msvcp_win.dll
0x00007ffce53a0000 - 0x00007ffce53aa000 	C:\WINDOWS\SYSTEM32\VERSION.dll
0x00007ffcee650000 - 0x00007ffcee681000 	C:\WINDOWS\System32\IMM32.DLL
0x00007ffce7570000 - 0x00007ffce757c000 	C:\Program Files\Java\jdk-15.0.1\bin\vcruntime140_1.dll
0x00007ffcbc370000 - 0x00007ffcbc401000 	C:\Program Files\Java\jdk-15.0.1\bin\msvcp140.dll
0x00007ffc84740000 - 0x00007ffc8529e000 	C:\Program Files\Java\jdk-15.0.1\bin\server\jvm.dll
0x00007ffced300000 - 0x00007ffced308000 	C:\WINDOWS\System32\PSAPI.DLL
0x00007ffce9020000 - 0x00007ffce9029000 	C:\WINDOWS\SYSTEM32\WSOCK32.dll
0x00007ffce5d50000 - 0x00007ffce5d83000 	C:\WINDOWS\SYSTEM32\WINMM.dll
0x00007ffcedcd0000 - 0x00007ffcedd3f000 	C:\WINDOWS\System32\WS2_32.dll
0x00007ffceb2f0000 - 0x00007ffceb308000 	C:\WINDOWS\SYSTEM32\kernel.appcore.dll
0x00007ffcd1ad0000 - 0x00007ffcd1ada000 	C:\Program Files\Java\jdk-15.0.1\bin\jimage.dll
0x00007ffce96c0000 - 0x00007ffce98e1000 	C:\WINDOWS\SYSTEM32\DBGHELP.DLL
0x00007ffccd1d0000 - 0x00007ffccd201000 	C:\WINDOWS\SYSTEM32\dbgcore.DLL
0x00007ffcec3c0000 - 0x00007ffcec43f000 	C:\WINDOWS\System32\bcryptPrimitives.dll
0x00007ffcc4280000 - 0x00007ffcc42a5000 	C:\Program Files\Java\jdk-15.0.1\bin\java.dll
0x00007ffcede30000 - 0x00007ffcee5e8000 	C:\WINDOWS\System32\SHELL32.dll
0x00007ffcea250000 - 0x00007ffceaab8000 	C:\WINDOWS\SYSTEM32\windows.storage.dll
0x00007ffcee8a0000 - 0x00007ffceec19000 	C:\WINDOWS\System32\combase.dll
0x00007ffcea0e0000 - 0x00007ffcea246000 	C:\WINDOWS\SYSTEM32\wintypes.dll
0x00007ffced910000 - 0x00007ffced9fa000 	C:\WINDOWS\System32\SHCORE.dll
0x00007ffcedad0000 - 0x00007ffcedb2d000 	C:\WINDOWS\System32\shlwapi.dll
0x00007ffcec070000 - 0x00007ffcec091000 	C:\WINDOWS\SYSTEM32\profapi.dll
0x00007ffcd0f60000 - 0x00007ffcd0f79000 	C:\Program Files\Java\jdk-15.0.1\bin\net.dll
0x00007ffce60c0000 - 0x00007ffce61cc000 	C:\WINDOWS\SYSTEM32\WINHTTP.dll
0x00007ffceb720000 - 0x00007ffceb787000 	C:\WINDOWS\system32\mswsock.dll
0x00007ffcc0e40000 - 0x00007ffcc0e52000 	C:\Program Files\Java\jdk-15.0.1\bin\nio.dll
0x00007ffcbf520000 - 0x00007ffcbf538000 	C:\Program Files\Java\jdk-15.0.1\bin\zip.dll
0x00007ffcd0cb0000 - 0x00007ffcd0cc0000 	C:\Program Files\Java\jdk-15.0.1\bin\verify.dll
0x00007ffcd29c0000 - 0x00007ffcd29e7000 	C:\Users\barga\.gradle\native\e1d6ef7f7dcc3fd88c89a11ec53ec762bb8ba0a96d01ffa2cd45eb1d1d8dd5c5\windows-amd64\native-platform.dll
0x00007ffcbb850000 - 0x00007ffcbb994000 	C:\Users\barga\.gradle\native\0d407fdbe67a94daf76414ababcb853783967236a71b16ec16e742cd7a986fd3\windows-amd64\native-platform-file-events.dll
0x00007ffcc97d0000 - 0x00007ffcc97d9000 	C:\Program Files\Java\jdk-15.0.1\bin\management.dll
0x00007ffcc3f10000 - 0x00007ffcc3f1b000 	C:\Program Files\Java\jdk-15.0.1\bin\management_ext.dll
0x00007ffceb940000 - 0x00007ffceb958000 	C:\WINDOWS\SYSTEM32\CRYPTSP.dll
0x00007ffceb250000 - 0x00007ffceb285000 	C:\WINDOWS\system32\rsaenh.dll
0x00007ffceb7e0000 - 0x00007ffceb809000 	C:\WINDOWS\SYSTEM32\USERENV.dll
0x00007ffcebb20000 - 0x00007ffcebb47000 	C:\WINDOWS\SYSTEM32\bcrypt.dll
0x00007ffceb930000 - 0x00007ffceb93c000 	C:\WINDOWS\SYSTEM32\CRYPTBASE.dll
0x00007ffceadf0000 - 0x00007ffceae1d000 	C:\WINDOWS\SYSTEM32\IPHLPAPI.DLL
0x00007ffceda10000 - 0x00007ffceda19000 	C:\WINDOWS\System32\NSI.dll
0x00007ffce6010000 - 0x00007ffce6029000 	C:\WINDOWS\SYSTEM32\dhcpcsvc6.DLL
0x00007ffce65b0000 - 0x00007ffce65ce000 	C:\WINDOWS\SYSTEM32\dhcpcsvc.DLL
0x00007ffceae20000 - 0x00007ffceaf08000 	C:\WINDOWS\SYSTEM32\DNSAPI.dll

dbghelp: loaded successfully - version: 4.0.5 - missing functions: none
symbol engine: initialized successfully - sym options: 0x614 - pdb path: .;C:\Program Files\Java\jdk-15.0.1\bin;C:\WINDOWS\SYSTEM32;C:\WINDOWS\WinSxS\amd64_microsoft.windows.common-controls_6595b64144ccf1df_6.0.22000.120_none_9d947278b86cc467;C:\Program Files\Java\jdk-15.0.1\bin\server;C:\Users\barga\.gradle\native\e1d6ef7f7dcc3fd88c89a11ec53ec762bb8ba0a96d01ffa2cd45eb1d1d8dd5c5\windows-amd64;C:\Users\barga\.gradle\native\0d407fdbe67a94daf76414ababcb853783967236a71b16ec16e742cd7a986fd3\windows-amd64

VM Arguments:
jvm_args: --add-opens=java.base/java.util=ALL-UNNAMED --add-opens=java.base/java.lang=ALL-UNNAMED --add-opens=java.base/java.lang.invoke=ALL-UNNAMED --add-opens=java.base/java.util=ALL-UNNAMED --add-opens=java.prefs/java.util.prefs=ALL-UNNAMED --add-opens=java.prefs/java.util.prefs=ALL-UNNAMED --add-opens=java.base/java.nio.charset=ALL-UNNAMED --add-opens=java.base/java.net=ALL-UNNAMED --add-opens=java.base/java.util.concurrent.atomic=ALL-UNNAMED -XX:MaxMetaspaceSize=256m -XX:+HeapDumpOnOutOfMemoryError -Xms256m -Xmx512m -Dfile.encoding=windows-1251 -Duser.country=RU -Duser.language=ru -Duser.variant 
java_command: org.gradle.launcher.daemon.bootstrap.GradleDaemon 7.5
java_class_path (initial): C:\Users\barga\.gradle\wrapper\dists\gradle-7.5-bin\f1w0cc9nuo0eivz97x2xlu9sv\gradle-7.5\lib\gradle-launcher-7.5.jar
Launcher Type: SUN_STANDARD

[Global flags]
     intx CICompilerCount                          = 4                                         {product} {ergonomic}
   size_t CompressedClassSpaceSize                 = 260046848                                 {product} {ergonomic}
     uint ConcGCThreads                            = 3                                         {product} {ergonomic}
     uint G1ConcRefinementThreads                  = 10                                        {product} {ergonomic}
   size_t G1HeapRegionSize                         = 1048576                                   {product} {ergonomic}
    uintx GCDrainStackTargetSize                   = 64                                        {product} {ergonomic}
     bool HeapDumpOnOutOfMemoryError               = true                                   {manageable} {command line}
   size_t InitialHeapSize                          = 268435456                                 {product} {command line}
   size_t MarkStackSize                            = 4194304                                   {product} {ergonomic}
   size_t MaxHeapSize                              = 536870912                                 {product} {command line}
   size_t MaxMetaspaceSize                         = 268435456                                 {product} {command line}
   size_t MaxNewSize                               = 321912832                                 {product} {ergonomic}
   size_t MinHeapDeltaBytes                        = 1048576                                   {product} {ergonomic}
   size_t MinHeapSize                              = 268435456                                 {product} {command line}
    uintx NonNMethodCodeHeapSize                   = 5839372                                {pd product} {ergonomic}
    uintx NonProfiledCodeHeapSize                  = 122909434                              {pd product} {ergonomic}
    uintx ProfiledCodeHeapSize                     = 122909434                              {pd product} {ergonomic}
    uintx ReservedCodeCacheSize                    = 251658240                              {pd product} {ergonomic}
     bool SegmentedCodeCache                       = true                                      {product} {ergonomic}
   size_t SoftMaxHeapSize                          = 536870912                              {manageable} {ergonomic}
     bool UseCompressedClassPointers               = true                                 {lp64_product} {ergonomic}
     bool UseCompressedOops                        = true                                 {lp64_product} {ergonomic}
     bool UseG1GC                                  = true                                      {product} {ergonomic}
     bool UseLargePagesIndividualAllocation        = false                                  {pd product} {ergonomic}

Logging:
Log output configuration:
 #0: stdout all=warning uptime,level,tags
 #1: stderr all=off uptime,level,tags

Environment Variables:
JAVA_HOME=C:\Program Files\Java\jdk-15.0.1
PATH=C:\MinGW\bin;C:\Program Files\NVIDIA Corporation\NVIDIA NvDLISR;C:\Users\barga\AppData\Roaming\nvm;C:\Program Files\nodejs;C:\Program Files\PuTTY\;C:\Program Files\Git\cmd;D:\apache-maven-3.8.5-bin\apache-maven-3.8.5\bin;C:\Users\barga\.jdks\openjdk-18.0.1\bin;C:\Gradle\gradle-7.4.2\bin;C:\Program Files\MySQL\MySQL Shell 8.0\bin\;C:\Users\barga\AppData\Local\Programs\Python\Python310\Scripts\;C:\Users\barga\AppData\Local\Programs\Python\Python310\;C:\MinGW\bin;C:\Users\barga\AppData\Roaming\npm;C:\Users\barga\AppData\Roaming\nvm;C:\Program Files\nodejs;C:\Program Files\JetBrains\IntelliJ IDEA 2022.1.3\bin;
USERNAME=barga
OS=Windows_NT
PROCESSOR_IDENTIFIER=Intel64 Family 6 Model 165 Stepping 2, GenuineIntel



---------------  S Y S T E M  ---------------

OS:
 Windows 10 , 64 bit Build 22000 (10.0.22000.708)
OS uptime: 13 days 2:25 hours
HyperV virtualization detected

CPU: total 12 (initial active 12) (6 cores per cpu, 2 threads per core) family 6 model 165 stepping 2 microcode 0xe2, cmov, cx8, fxsr, mmx, sse, sse2, sse3, ssse3, sse4.1, sse4.2, popcnt, vzeroupper, avx, avx2, aes, clmul, erms, 3dnowpref, lzcnt, ht, tsc, tscinvbit, bmi1, bmi2, adx, fma, clflush, clflushopt

Memory: 4k page, system-wide physical 16291M (3014M free)
TotalPageFile size 26291M (AvailPageFile size 5M)
current process WorkingSet (physical memory assigned to process): 208M, peak: 208M
current process commit charge ("private bytes"): 440M, peak: 440M

vm_info: Java HotSpot(TM) 64-Bit Server VM (15.0.1+9-18) for windows-amd64 JRE (15.0.1+9-18), built on Sep 15 2020 14:43:54 by "mach5one" with unknown MS VC++:1925

END.
